01/10/2020 22:37:09 17736 Logging started
01/10/2020 22:37:09 17736 Begin Startup
01/10/2020 22:37:09 17736 Chaosauncher 0.5.4.4 on NT 6.2.9200  at C:\Users\lebam\estudios\TFG\code\BWAPI\Chaoslauncher\Chaoslauncher.exe
01/10/2020 22:37:09 17736 Load Settings
01/10/2020 22:37:09 17736 GamePath: C:\Program Files\Starcraft\
01/10/2020 22:37:09 17736 Load Plugins
01/10/2020 22:37:09 17736 AdvLoaderPluginPath: \Plugins\
01/10/2020 22:37:09 17736 Loading BWL4-Plugin C:\Users\lebam\estudios\TFG\code\BWAPI\Chaoslauncher\iccscbn.icc
01/10/2020 22:37:18 17736 Plugin loaded ICCup
01/10/2020 22:37:18 17736 Loading BWL4-Plugin C:\Users\lebam\estudios\TFG\code\BWAPI\Chaoslauncher\Plugins\APMAlert.bwl
01/10/2020 22:37:19 17736 Plugin loaded APMAlert (1.16.1)
01/10/2020 22:37:19 17736 Loading BWL4-Plugin C:\Users\lebam\estudios\TFG\code\BWAPI\Chaoslauncher\Plugins\BWAPI_PluginInjector.bwl
01/10/2020 22:37:19 17736 Plugin loaded BWAPI 4.2.0 Injector [RELEASE]
01/10/2020 22:37:19 17736 Loading BWL4-Plugin C:\Users\lebam\estudios\TFG\code\BWAPI\Chaoslauncher\Plugins\BWAPI_PluginInjectord.bwl
01/10/2020 22:37:19 17736 Plugin loaded BWAPI 4.2.0 Injector [DEBUG]
01/10/2020 22:37:20 17736 Loading BWL4-Plugin C:\Users\lebam\estudios\TFG\code\BWAPI\Chaoslauncher\Plugins\Chaosplugin.bwl
01/10/2020 22:37:20 17736 Plugin loaded Chaosplugin for 1.16.1
01/10/2020 22:37:20 17736 Loading BWL4-Plugin C:\Users\lebam\estudios\TFG\code\BWAPI\Chaoslauncher\Plugins\LatencyChanger.bwl
01/10/2020 22:37:20 17736 Plugin loaded LatencyChanger for 1.16.1
01/10/2020 22:37:20 17736 Loading BWL4-Plugin C:\Users\lebam\estudios\TFG\code\BWAPI\Chaoslauncher\Plugins\repfix.bwl
01/10/2020 22:37:20 17736 Plugin loaded RepFix
01/10/2020 22:37:20 17736 Loading BWL4-Plugin C:\Users\lebam\estudios\TFG\code\BWAPI\Chaoslauncher\Plugins\RWAPlayer.bwl
01/10/2020 22:37:20 17736 Plugin loaded RWAPlayer (1.16.1)
01/10/2020 22:37:20 17736 Loading BWL4-Plugin C:\Users\lebam\estudios\TFG\code\BWAPI\Chaoslauncher\Plugins\RWARecorder.bwl
01/10/2020 22:37:20 17736 Plugin loaded RWARecorder (1.16.1)
01/10/2020 22:37:20 17736 Loading BWL4-Plugin C:\Users\lebam\estudios\TFG\code\BWAPI\Chaoslauncher\Plugins\Stormplugin.bwl
01/10/2020 22:37:20 17736 Plugin loaded Stormplugin for 1.16.1
01/10/2020 22:37:20 17736 Loading BWL4-Plugin C:\Users\lebam\estudios\TFG\code\BWAPI\Chaoslauncher\Plugins\wmode.bwl
01/10/2020 22:37:20 17736 Plugin loaded W-MODE 1.02
01/10/2020 22:37:20 17736 Load Tools
01/10/2020 22:37:20 17736 Init GUI
01/10/2020 22:37:20 17736 Get Starcraftversions
01/10/2020 22:37:20 17736 Init complete
01/10/2020 22:38:44 17736 Finishing
01/10/2020 22:38:45 17736 Unloading Plugin ICCup
01/10/2020 22:38:45 17736 Unloading Plugin APMAlert (1.16.1)
01/10/2020 22:38:45 17736 Unloading Plugin BWAPI 4.2.0 Injector [RELEASE]
01/10/2020 22:38:45 17736 Unloading Plugin BWAPI 4.2.0 Injector [DEBUG]
01/10/2020 22:38:45 17736 Unloading Plugin Chaosplugin for 1.16.1
01/10/2020 22:38:45 17736 Unloading Plugin LatencyChanger for 1.16.1
01/10/2020 22:38:45 17736 Unloading Plugin RepFix
01/10/2020 22:38:45 17736 Unloading Plugin RWAPlayer (1.16.1)
01/10/2020 22:38:45 17736 Unloading Plugin RWARecorder (1.16.1)
01/10/2020 22:38:45 17736 Unloading Plugin Stormplugin for 1.16.1
01/10/2020 22:38:45 17736 Unloading Plugin W-MODE 1.02
01/10/2020 22:38:45 17736 Logging ended
